2020-02-23 22:20:52.274 [main] WARN  org.mybatis.spring.mapper.ClassPathMapperScanner - Skipping MapperFactoryBean with name 'scheduleMapper' and 'com.songhaozhi.mayday.mapper.mayDay.ScheduleMapper' mapperInterface. Bean already defined with the same name!
2020-02-23 22:20:52.276 [main] WARN  org.mybatis.spring.mapper.ClassPathMapperScanner - Skipping MapperFactoryBean with name 'articleMapperCustom' and 'com.songhaozhi.mayday.mapper.mayDay.custom.ArticleMapperCustom' mapperInterface. Bean already defined with the same name!
2020-02-23 22:20:52.277 [main] WARN  org.mybatis.spring.mapper.ClassPathMapperScanner - Skipping MapperFactoryBean with name 'categoryMapperCustom' and 'com.songhaozhi.mayday.mapper.mayDay.custom.CategoryMapperCustom' mapperInterface. Bean already defined with the same name!
2020-02-23 22:20:52.278 [main] WARN  org.mybatis.spring.mapper.ClassPathMapperScanner - Skipping MapperFactoryBean with name 'linkMapperCustom' and 'com.songhaozhi.mayday.mapper.mayDay.custom.LinkMapperCustom' mapperInterface. Bean already defined with the same name!
2020-02-23 22:20:52.278 [main] WARN  org.mybatis.spring.mapper.ClassPathMapperScanner - Skipping MapperFactoryBean with name 'logMapperCustom' and 'com.songhaozhi.mayday.mapper.mayDay.custom.LogMapperCustom' mapperInterface. Bean already defined with the same name!
2020-02-23 22:20:52.278 [main] WARN  org.mybatis.spring.mapper.ClassPathMapperScanner - Skipping MapperFactoryBean with name 'optionsMapperCustom' and 'com.songhaozhi.mayday.mapper.mayDay.custom.OptionsMapperCustom' mapperInterface. Bean already defined with the same name!
2020-02-23 22:20:52.278 [main] WARN  org.mybatis.spring.mapper.ClassPathMapperScanner - Skipping MapperFactoryBean with name 'scheduleMapperCustom' and 'com.songhaozhi.mayday.mapper.mayDay.custom.ScheduleMapperCustom' mapperInterface. Bean already defined with the same name!
2020-02-23 22:20:52.279 [main] WARN  org.mybatis.spring.mapper.ClassPathMapperScanner - Skipping MapperFactoryBean with name 'tagMapperCustom' and 'com.songhaozhi.mayday.mapper.mayDay.custom.TagMapperCustom' mapperInterface. Bean already defined with the same name!
2020-02-23 22:20:52.279 [main] WARN  org.mybatis.spring.mapper.ClassPathMapperScanner - Skipping MapperFactoryBean with name 'themeMapperCustom' and 'com.songhaozhi.mayday.mapper.mayDay.custom.ThemeMapperCustom' mapperInterface. Bean already defined with the same name!
2020-02-23 22:20:52.279 [main] WARN  org.mybatis.spring.mapper.ClassPathMapperScanner - Skipping MapperFactoryBean with name 'userMapperCustom' and 'com.songhaozhi.mayday.mapper.mayDay.custom.UserMapperCustom' mapperInterface. Bean already defined with the same name!
2020-02-23 22:20:52.279 [main] WARN  org.mybatis.spring.mapper.ClassPathMapperScanner - Skipping MapperFactoryBean with name 'articleCategoryMapper' and 'com.songhaozhi.mayday.mapper.mayDay.generator.ArticleCategoryMapper' mapperInterface. Bean already defined with the same name!
2020-02-23 22:20:52.279 [main] WARN  org.mybatis.spring.mapper.ClassPathMapperScanner - Skipping MapperFactoryBean with name 'articleMapper' and 'com.songhaozhi.mayday.mapper.mayDay.generator.ArticleMapper' mapperInterface. Bean already defined with the same name!
2020-02-23 22:20:52.279 [main] WARN  org.mybatis.spring.mapper.ClassPathMapperScanner - Skipping MapperFactoryBean with name 'articleTagMapper' and 'com.songhaozhi.mayday.mapper.mayDay.generator.ArticleTagMapper' mapperInterface. Bean already defined with the same name!
2020-02-23 22:20:52.279 [main] WARN  org.mybatis.spring.mapper.ClassPathMapperScanner - Skipping MapperFactoryBean with name 'attachmentMapper' and 'com.songhaozhi.mayday.mapper.mayDay.generator.AttachmentMapper' mapperInterface. Bean already defined with the same name!
2020-02-23 22:20:52.279 [main] WARN  org.mybatis.spring.mapper.ClassPathMapperScanner - Skipping MapperFactoryBean with name 'categoryMapper' and 'com.songhaozhi.mayday.mapper.mayDay.generator.CategoryMapper' mapperInterface. Bean already defined with the same name!
2020-02-23 22:20:52.279 [main] WARN  org.mybatis.spring.mapper.ClassPathMapperScanner - Skipping MapperFactoryBean with name 'linkMapper' and 'com.songhaozhi.mayday.mapper.mayDay.generator.LinkMapper' mapperInterface. Bean already defined with the same name!
2020-02-23 22:20:52.280 [main] WARN  org.mybatis.spring.mapper.ClassPathMapperScanner - Skipping MapperFactoryBean with name 'logMapper' and 'com.songhaozhi.mayday.mapper.mayDay.generator.LogMapper' mapperInterface. Bean already defined with the same name!
2020-02-23 22:20:52.280 [main] WARN  org.mybatis.spring.mapper.ClassPathMapperScanner - Skipping MapperFactoryBean with name 'menuMapper' and 'com.songhaozhi.mayday.mapper.mayDay.generator.MenuMapper' mapperInterface. Bean already defined with the same name!
2020-02-23 22:20:52.280 [main] WARN  org.mybatis.spring.mapper.ClassPathMapperScanner - Skipping MapperFactoryBean with name 'optionsMapper' and 'com.songhaozhi.mayday.mapper.mayDay.generator.OptionsMapper' mapperInterface. Bean already defined with the same name!
2020-02-23 22:20:52.280 [main] WARN  org.mybatis.spring.mapper.ClassPathMapperScanner - Skipping MapperFactoryBean with name 'tagMapper' and 'com.songhaozhi.mayday.mapper.mayDay.generator.TagMapper' mapperInterface. Bean already defined with the same name!
2020-02-23 22:20:52.280 [main] WARN  org.mybatis.spring.mapper.ClassPathMapperScanner - Skipping MapperFactoryBean with name 'themeMapper' and 'com.songhaozhi.mayday.mapper.mayDay.generator.ThemeMapper' mapperInterface. Bean already defined with the same name!
2020-02-23 22:20:52.280 [main] WARN  org.mybatis.spring.mapper.ClassPathMapperScanner - Skipping MapperFactoryBean with name 'userMapper' and 'com.songhaozhi.mayday.mapper.mayDay.generator.UserMapper' mapperInterface. Bean already defined with the same name!
2020-02-23 22:20:52.280 [main] WARN  org.mybatis.spring.mapper.ClassPathMapperScanner - Skipping MapperFactoryBean with name 'sysBlogMapper' and 'com.songhaozhi.mayday.mapper.ry.SysBlogMapper' mapperInterface. Bean already defined with the same name!
2020-02-23 22:20:52.280 [main] WARN  org.mybatis.spring.mapper.ClassPathMapperScanner - Skipping MapperFactoryBean with name 'sysDailyMapper' and 'com.songhaozhi.mayday.mapper.ry.SysDailyMapper' mapperInterface. Bean already defined with the same name!
2020-02-23 22:20:52.280 [main] WARN  org.mybatis.spring.mapper.ClassPathMapperScanner - Skipping MapperFactoryBean with name 'sysFileInfoMapper' and 'com.songhaozhi.mayday.mapper.ry.SysFileInfoMapper' mapperInterface. Bean already defined with the same name!
2020-02-23 22:20:52.281 [main] WARN  org.mybatis.spring.mapper.ClassPathMapperScanner - Skipping MapperFactoryBean with name 'sysScheduleMapper' and 'com.songhaozhi.mayday.mapper.ry.SysScheduleMapper' mapperInterface. Bean already defined with the same name!
2020-02-23 22:20:52.281 [main] WARN  org.mybatis.spring.mapper.ClassPathMapperScanner - No MyBatis mapper was found in '[com.songhaozhi.mayday.mapper]' package. Please check your configuration.
2020-02-23 22:21:34.844 [main] WARN  org.mybatis.spring.mapper.ClassPathMapperScanner - Skipping MapperFactoryBean with name 'scheduleMapper' and 'com.songhaozhi.mayday.mapper.mayDay.ScheduleMapper' mapperInterface. Bean already defined with the same name!
2020-02-23 22:21:34.844 [main] WARN  org.mybatis.spring.mapper.ClassPathMapperScanner - Skipping MapperFactoryBean with name 'articleMapperCustom' and 'com.songhaozhi.mayday.mapper.mayDay.custom.ArticleMapperCustom' mapperInterface. Bean already defined with the same name!
2020-02-23 22:21:34.844 [main] WARN  org.mybatis.spring.mapper.ClassPathMapperScanner - Skipping MapperFactoryBean with name 'categoryMapperCustom' and 'com.songhaozhi.mayday.mapper.mayDay.custom.CategoryMapperCustom' mapperInterface. Bean already defined with the same name!
2020-02-23 22:21:34.844 [main] WARN  org.mybatis.spring.mapper.ClassPathMapperScanner - Skipping MapperFactoryBean with name 'linkMapperCustom' and 'com.songhaozhi.mayday.mapper.mayDay.custom.LinkMapperCustom' mapperInterface. Bean already defined with the same name!
2020-02-23 22:21:34.845 [main] WARN  org.mybatis.spring.mapper.ClassPathMapperScanner - Skipping MapperFactoryBean with name 'logMapperCustom' and 'com.songhaozhi.mayday.mapper.mayDay.custom.LogMapperCustom' mapperInterface. Bean already defined with the same name!
2020-02-23 22:21:34.845 [main] WARN  org.mybatis.spring.mapper.ClassPathMapperScanner - Skipping MapperFactoryBean with name 'optionsMapperCustom' and 'com.songhaozhi.mayday.mapper.mayDay.custom.OptionsMapperCustom' mapperInterface. Bean already defined with the same name!
2020-02-23 22:21:34.845 [main] WARN  org.mybatis.spring.mapper.ClassPathMapperScanner - Skipping MapperFactoryBean with name 'scheduleMapperCustom' and 'com.songhaozhi.mayday.mapper.mayDay.custom.ScheduleMapperCustom' mapperInterface. Bean already defined with the same name!
2020-02-23 22:21:34.845 [main] WARN  org.mybatis.spring.mapper.ClassPathMapperScanner - Skipping MapperFactoryBean with name 'tagMapperCustom' and 'com.songhaozhi.mayday.mapper.mayDay.custom.TagMapperCustom' mapperInterface. Bean already defined with the same name!
2020-02-23 22:21:34.845 [main] WARN  org.mybatis.spring.mapper.ClassPathMapperScanner - Skipping MapperFactoryBean with name 'themeMapperCustom' and 'com.songhaozhi.mayday.mapper.mayDay.custom.ThemeMapperCustom' mapperInterface. Bean already defined with the same name!
2020-02-23 22:21:34.845 [main] WARN  org.mybatis.spring.mapper.ClassPathMapperScanner - Skipping MapperFactoryBean with name 'userMapperCustom' and 'com.songhaozhi.mayday.mapper.mayDay.custom.UserMapperCustom' mapperInterface. Bean already defined with the same name!
2020-02-23 22:21:34.845 [main] WARN  org.mybatis.spring.mapper.ClassPathMapperScanner - Skipping MapperFactoryBean with name 'articleCategoryMapper' and 'com.songhaozhi.mayday.mapper.mayDay.generator.ArticleCategoryMapper' mapperInterface. Bean already defined with the same name!
2020-02-23 22:21:34.846 [main] WARN  org.mybatis.spring.mapper.ClassPathMapperScanner - Skipping MapperFactoryBean with name 'articleMapper' and 'com.songhaozhi.mayday.mapper.mayDay.generator.ArticleMapper' mapperInterface. Bean already defined with the same name!
2020-02-23 22:21:34.846 [main] WARN  org.mybatis.spring.mapper.ClassPathMapperScanner - Skipping MapperFactoryBean with name 'articleTagMapper' and 'com.songhaozhi.mayday.mapper.mayDay.generator.ArticleTagMapper' mapperInterface. Bean already defined with the same name!
2020-02-23 22:21:34.846 [main] WARN  org.mybatis.spring.mapper.ClassPathMapperScanner - Skipping MapperFactoryBean with name 'attachmentMapper' and 'com.songhaozhi.mayday.mapper.mayDay.generator.AttachmentMapper' mapperInterface. Bean already defined with the same name!
2020-02-23 22:21:34.846 [main] WARN  org.mybatis.spring.mapper.ClassPathMapperScanner - Skipping MapperFactoryBean with name 'categoryMapper' and 'com.songhaozhi.mayday.mapper.mayDay.generator.CategoryMapper' mapperInterface. Bean already defined with the same name!
2020-02-23 22:21:34.846 [main] WARN  org.mybatis.spring.mapper.ClassPathMapperScanner - Skipping MapperFactoryBean with name 'linkMapper' and 'com.songhaozhi.mayday.mapper.mayDay.generator.LinkMapper' mapperInterface. Bean already defined with the same name!
2020-02-23 22:21:34.846 [main] WARN  org.mybatis.spring.mapper.ClassPathMapperScanner - Skipping MapperFactoryBean with name 'logMapper' and 'com.songhaozhi.mayday.mapper.mayDay.generator.LogMapper' mapperInterface. Bean already defined with the same name!
2020-02-23 22:21:34.846 [main] WARN  org.mybatis.spring.mapper.ClassPathMapperScanner - Skipping MapperFactoryBean with name 'menuMapper' and 'com.songhaozhi.mayday.mapper.mayDay.generator.MenuMapper' mapperInterface. Bean already defined with the same name!
2020-02-23 22:21:34.846 [main] WARN  org.mybatis.spring.mapper.ClassPathMapperScanner - Skipping MapperFactoryBean with name 'optionsMapper' and 'com.songhaozhi.mayday.mapper.mayDay.generator.OptionsMapper' mapperInterface. Bean already defined with the same name!
2020-02-23 22:21:34.846 [main] WARN  org.mybatis.spring.mapper.ClassPathMapperScanner - Skipping MapperFactoryBean with name 'tagMapper' and 'com.songhaozhi.mayday.mapper.mayDay.generator.TagMapper' mapperInterface. Bean already defined with the same name!
2020-02-23 22:21:34.847 [main] WARN  org.mybatis.spring.mapper.ClassPathMapperScanner - Skipping MapperFactoryBean with name 'themeMapper' and 'com.songhaozhi.mayday.mapper.mayDay.generator.ThemeMapper' mapperInterface. Bean already defined with the same name!
2020-02-23 22:21:34.847 [main] WARN  org.mybatis.spring.mapper.ClassPathMapperScanner - Skipping MapperFactoryBean with name 'userMapper' and 'com.songhaozhi.mayday.mapper.mayDay.generator.UserMapper' mapperInterface. Bean already defined with the same name!
2020-02-23 22:21:34.847 [main] WARN  org.mybatis.spring.mapper.ClassPathMapperScanner - Skipping MapperFactoryBean with name 'sysBlogMapper' and 'com.songhaozhi.mayday.mapper.ry.SysBlogMapper' mapperInterface. Bean already defined with the same name!
2020-02-23 22:21:34.847 [main] WARN  org.mybatis.spring.mapper.ClassPathMapperScanner - Skipping MapperFactoryBean with name 'sysDailyMapper' and 'com.songhaozhi.mayday.mapper.ry.SysDailyMapper' mapperInterface. Bean already defined with the same name!
2020-02-23 22:21:34.847 [main] WARN  org.mybatis.spring.mapper.ClassPathMapperScanner - Skipping MapperFactoryBean with name 'sysFileInfoMapper' and 'com.songhaozhi.mayday.mapper.ry.SysFileInfoMapper' mapperInterface. Bean already defined with the same name!
2020-02-23 22:21:34.847 [main] WARN  org.mybatis.spring.mapper.ClassPathMapperScanner - Skipping MapperFactoryBean with name 'sysScheduleMapper' and 'com.songhaozhi.mayday.mapper.ry.SysScheduleMapper' mapperInterface. Bean already defined with the same name!
2020-02-23 22:21:34.847 [main] WARN  org.mybatis.spring.mapper.ClassPathMapperScanner - No MyBatis mapper was found in '[com.songhaozhi.mayday.mapper]' package. Please check your configuration.
2020-02-23 22:25:03.822 [File Watcher] WARN  org.mybatis.spring.mapper.ClassPathMapperScanner - No MyBatis mapper was found in '[com.songhaozhi.mayday.mapper.ry]' package. Please check your configuration.
2020-02-23 22:25:03.899 [File Watcher] WARN  org.mybatis.spring.mapper.ClassPathMapperScanner - No MyBatis mapper was found in '[com.songhaozhi.mayday.mapper.mayDay]' package. Please check your configuration.
2020-02-23 22:25:03.913 [File Watcher] WARN  org.mybatis.spring.mapper.ClassPathMapperScanner - No MyBatis mapper was found in '[com.songhaozhi.mayday.mapper]' package. Please check your configuration.
2020-02-23 22:28:55.303 [http-nio-8089-exec-3] WARN  org.mybatis.spring.mapper.ClassPathMapperScanner - No MyBatis mapper was found in '[com.songhaozhi.mayday.mapper.ry]' package. Please check your configuration.
2020-02-23 22:28:55.397 [http-nio-8089-exec-3] WARN  org.mybatis.spring.mapper.ClassPathMapperScanner - No MyBatis mapper was found in '[com.songhaozhi.mayday.mapper.mayDay]' package. Please check your configuration.
2020-02-23 22:28:55.407 [http-nio-8089-exec-3] WARN  org.mybatis.spring.mapper.ClassPathMapperScanner - No MyBatis mapper was found in '[com.songhaozhi.mayday.mapper]' package. Please check your configuration.
2020-02-23 22:31:14.957 [main] WARN  org.mybatis.spring.mapper.ClassPathMapperScanner - Skipping MapperFactoryBean with name 'scheduleMapper' and 'com.songhaozhi.mayday.mapper.mayDay.ScheduleMapper' mapperInterface. Bean already defined with the same name!
2020-02-23 22:31:14.957 [main] WARN  org.mybatis.spring.mapper.ClassPathMapperScanner - Skipping MapperFactoryBean with name 'articleMapperCustom' and 'com.songhaozhi.mayday.mapper.mayDay.custom.ArticleMapperCustom' mapperInterface. Bean already defined with the same name!
2020-02-23 22:31:14.957 [main] WARN  org.mybatis.spring.mapper.ClassPathMapperScanner - Skipping MapperFactoryBean with name 'categoryMapperCustom' and 'com.songhaozhi.mayday.mapper.mayDay.custom.CategoryMapperCustom' mapperInterface. Bean already defined with the same name!
2020-02-23 22:31:14.957 [main] WARN  org.mybatis.spring.mapper.ClassPathMapperScanner - Skipping MapperFactoryBean with name 'linkMapperCustom' and 'com.songhaozhi.mayday.mapper.mayDay.custom.LinkMapperCustom' mapperInterface. Bean already defined with the same name!
2020-02-23 22:31:14.958 [main] WARN  org.mybatis.spring.mapper.ClassPathMapperScanner - Skipping MapperFactoryBean with name 'logMapperCustom' and 'com.songhaozhi.mayday.mapper.mayDay.custom.LogMapperCustom' mapperInterface. Bean already defined with the same name!
2020-02-23 22:31:14.958 [main] WARN  org.mybatis.spring.mapper.ClassPathMapperScanner - Skipping MapperFactoryBean with name 'optionsMapperCustom' and 'com.songhaozhi.mayday.mapper.mayDay.custom.OptionsMapperCustom' mapperInterface. Bean already defined with the same name!
2020-02-23 22:31:14.958 [main] WARN  org.mybatis.spring.mapper.ClassPathMapperScanner - Skipping MapperFactoryBean with name 'scheduleMapperCustom' and 'com.songhaozhi.mayday.mapper.mayDay.custom.ScheduleMapperCustom' mapperInterface. Bean already defined with the same name!
2020-02-23 22:31:14.958 [main] WARN  org.mybatis.spring.mapper.ClassPathMapperScanner - Skipping MapperFactoryBean with name 'tagMapperCustom' and 'com.songhaozhi.mayday.mapper.mayDay.custom.TagMapperCustom' mapperInterface. Bean already defined with the same name!
2020-02-23 22:31:14.958 [main] WARN  org.mybatis.spring.mapper.ClassPathMapperScanner - Skipping MapperFactoryBean with name 'themeMapperCustom' and 'com.songhaozhi.mayday.mapper.mayDay.custom.ThemeMapperCustom' mapperInterface. Bean already defined with the same name!
2020-02-23 22:31:14.958 [main] WARN  org.mybatis.spring.mapper.ClassPathMapperScanner - Skipping MapperFactoryBean with name 'userMapperCustom' and 'com.songhaozhi.mayday.mapper.mayDay.custom.UserMapperCustom' mapperInterface. Bean already defined with the same name!
2020-02-23 22:31:14.958 [main] WARN  org.mybatis.spring.mapper.ClassPathMapperScanner - Skipping MapperFactoryBean with name 'articleCategoryMapper' and 'com.songhaozhi.mayday.mapper.mayDay.generator.ArticleCategoryMapper' mapperInterface. Bean already defined with the same name!
2020-02-23 22:31:14.958 [main] WARN  org.mybatis.spring.mapper.ClassPathMapperScanner - Skipping MapperFactoryBean with name 'articleMapper' and 'com.songhaozhi.mayday.mapper.mayDay.generator.ArticleMapper' mapperInterface. Bean already defined with the same name!
2020-02-23 22:31:14.959 [main] WARN  org.mybatis.spring.mapper.ClassPathMapperScanner - Skipping MapperFactoryBean with name 'articleTagMapper' and 'com.songhaozhi.mayday.mapper.mayDay.generator.ArticleTagMapper' mapperInterface. Bean already defined with the same name!
2020-02-23 22:31:14.959 [main] WARN  org.mybatis.spring.mapper.ClassPathMapperScanner - Skipping MapperFactoryBean with name 'attachmentMapper' and 'com.songhaozhi.mayday.mapper.mayDay.generator.AttachmentMapper' mapperInterface. Bean already defined with the same name!
2020-02-23 22:31:14.959 [main] WARN  org.mybatis.spring.mapper.ClassPathMapperScanner - Skipping MapperFactoryBean with name 'categoryMapper' and 'com.songhaozhi.mayday.mapper.mayDay.generator.CategoryMapper' mapperInterface. Bean already defined with the same name!
2020-02-23 22:31:14.959 [main] WARN  org.mybatis.spring.mapper.ClassPathMapperScanner - Skipping MapperFactoryBean with name 'linkMapper' and 'com.songhaozhi.mayday.mapper.mayDay.generator.LinkMapper' mapperInterface. Bean already defined with the same name!
2020-02-23 22:31:14.959 [main] WARN  org.mybatis.spring.mapper.ClassPathMapperScanner - Skipping MapperFactoryBean with name 'logMapper' and 'com.songhaozhi.mayday.mapper.mayDay.generator.LogMapper' mapperInterface. Bean already defined with the same name!
2020-02-23 22:31:14.959 [main] WARN  org.mybatis.spring.mapper.ClassPathMapperScanner - Skipping MapperFactoryBean with name 'menuMapper' and 'com.songhaozhi.mayday.mapper.mayDay.generator.MenuMapper' mapperInterface. Bean already defined with the same name!
2020-02-23 22:31:14.959 [main] WARN  org.mybatis.spring.mapper.ClassPathMapperScanner - Skipping MapperFactoryBean with name 'optionsMapper' and 'com.songhaozhi.mayday.mapper.mayDay.generator.OptionsMapper' mapperInterface. Bean already defined with the same name!
2020-02-23 22:31:14.959 [main] WARN  org.mybatis.spring.mapper.ClassPathMapperScanner - Skipping MapperFactoryBean with name 'tagMapper' and 'com.songhaozhi.mayday.mapper.mayDay.generator.TagMapper' mapperInterface. Bean already defined with the same name!
2020-02-23 22:31:14.959 [main] WARN  org.mybatis.spring.mapper.ClassPathMapperScanner - Skipping MapperFactoryBean with name 'themeMapper' and 'com.songhaozhi.mayday.mapper.mayDay.generator.ThemeMapper' mapperInterface. Bean already defined with the same name!
2020-02-23 22:31:14.960 [main] WARN  org.mybatis.spring.mapper.ClassPathMapperScanner - Skipping MapperFactoryBean with name 'userMapper' and 'com.songhaozhi.mayday.mapper.mayDay.generator.UserMapper' mapperInterface. Bean already defined with the same name!
2020-02-23 22:31:14.960 [main] WARN  org.mybatis.spring.mapper.ClassPathMapperScanner - Skipping MapperFactoryBean with name 'sysBlogMapper' and 'com.songhaozhi.mayday.mapper.ry.SysBlogMapper' mapperInterface. Bean already defined with the same name!
2020-02-23 22:31:14.960 [main] WARN  org.mybatis.spring.mapper.ClassPathMapperScanner - Skipping MapperFactoryBean with name 'sysDailyMapper' and 'com.songhaozhi.mayday.mapper.ry.SysDailyMapper' mapperInterface. Bean already defined with the same name!
2020-02-23 22:31:14.960 [main] WARN  org.mybatis.spring.mapper.ClassPathMapperScanner - Skipping MapperFactoryBean with name 'sysFileInfoMapper' and 'com.songhaozhi.mayday.mapper.ry.SysFileInfoMapper' mapperInterface. Bean already defined with the same name!
2020-02-23 22:31:14.960 [main] WARN  org.mybatis.spring.mapper.ClassPathMapperScanner - Skipping MapperFactoryBean with name 'sysScheduleMapper' and 'com.songhaozhi.mayday.mapper.ry.SysScheduleMapper' mapperInterface. Bean already defined with the same name!
2020-02-23 22:31:14.960 [main] WARN  org.mybatis.spring.mapper.ClassPathMapperScanner - No MyBatis mapper was found in '[com.songhaozhi.mayday.mapper]' package. Please check your configuration.
